[2020-05-11 05:35:22] local.ERROR: Trying to get property 'PE_Nip' of non-object {"exception":"[object] (ErrorException(code: 0): Trying to get property 'PE_Nip' of non-object at D:\\Kuli (ah)\\Prodi\\TA\\PROJECT WEB SIAP\\SIAP-ITK-REVISED\\app\\Http\\Controllers\\DosenController.php:23)
[stacktrace]
#0 D:\\Kuli (ah)\\Prodi\\TA\\PROJECT WEB SIAP\\SIAP-ITK-REVISED\\app\\Http\\Controllers\\DosenController.php(23): Illuminate\\Foundation\\Bootstrap\\HandleExceptions->handleError(8, 'Trying to get p...', 'D:\\\\Kuli (ah)\\\\Pr...', 23, Array)
#1 [internal function]: App\\Http\\Controllers\\DosenController->jadwal_mengajar_json()
#2 D:\\Kuli (ah)\\Prodi\\TA\\PROJECT WEB SIAP\\SIAP-ITK-REVISED\\vendor\\laravel\\framework\\src\\Illuminate\\Routing\\Controller.php(54): call_user_func_array(Array, Array)
#3 D:\\Kuli (ah)\\Prodi\\TA\\PROJECT WEB SIAP\\SIAP-ITK-REVISED\\vendor\\laravel\\framework\\src\\Illuminate\\Routing\\ControllerDispatcher.php(45): Illuminate\\Routing\\Controller->callAction('jadwal_mengajar...', Array)
#4 D:\\Kuli (ah)\\Prodi\\TA\\PROJECT WEB SIAP\\SIAP-ITK-REVISED\\vendor\\laravel\\framework\\src\\Illuminate\\Routing\\Route.php(219): Illuminate\\Routing\\ControllerDispatcher->dispatch(Object(Illuminate\\Routing\\Route), Object(App\\Http\\Controllers\\DosenController), 'jadwal_mengajar...')
#5 D:\\Kuli (ah)\\Prodi\\TA\\PROJECT WEB SIAP\\SIAP-ITK-REVISED\\vendor\\laravel\\framework\\src\\Illuminate\\Routing\\Route.php(176): Illuminate\\Routing\\Route->runController()
#6 D:\\Kuli (ah)\\Prodi\\TA\\PROJECT WEB SIAP\\SIAP-ITK-REVISED\\vendor\\laravel\\framework\\src\\Illuminate\\Routing\\Router.php(681): Illuminate\\Routing\\Route->run()
#7 D:\\Kuli (ah)\\Prodi\\TA\\PROJECT WEB SIAP\\SIAP-ITK-REVISED\\vendor\\laravel\\framework\\src\\Illuminate\\Pipeline\\Pipeline.php(130): Illuminate\\Routing\\Router->Illuminate\\Routing\\{closure}(Object(Illuminate\\Http\\Request))
#8 D:\\Kuli (ah)\\Prodi\\TA\\PROJECT WEB SIAP\\SIAP-ITK-REVISED\\vendor\\laravel\\framework\\src\\Illuminate\\Routing\\Middleware\\SubstituteBindings.php(41): Illuminate\\Pipeline\\Pipeline->Illuminate\\Pipeline\\{closure}(Object(Illuminate\\Http\\Request))
#9 D:\\Kuli (ah)\\Prodi\\TA\\PROJECT WEB SIAP\\SIAP-ITK-REVISED\\vendor\\laravel\\framework\\src\\Illuminate\\Pipeline\\Pipeline.php(171): Illuminate\\Routing\\Middleware\\SubstituteBindings->handle(Object(Illuminate\\Http\\Request), Object(Closure))
#10 D:\\Kuli (ah)\\Prodi\\TA\\PROJECT WEB SIAP\\SIAP-ITK-REVISED\\vendor\\laravel\\framework\\src\\Illuminate\\Foundation\\Http\\Middleware\\VerifyCsrfToken.php(76): Illuminate\\Pipeline\\Pipeline->Illuminate\\Pipeline\\{closure}(Object(Illuminate\\Http\\Request))
#11 D:\\Kuli (ah)\\Prodi\\TA\\PROJECT WEB SIAP\\SIAP-ITK-REVISED\\vendor\\laravel\\framework\\src\\Illuminate\\Pipeline\\Pipeline.php(171): Illuminate\\Foundation\\Http\\Middleware\\VerifyCsrfToken->handle(Object(Illuminate\\Http\\Request), Object(Closure))
#12 D:\\Kuli (ah)\\Prodi\\TA\\PROJECT WEB SIAP\\SIAP-ITK-REVISED\\vendor\\laravel\\framework\\src\\Illuminate\\View\\Middleware\\ShareErrorsFromSession.php(49): Illuminate\\Pipeline\\Pipeline->Illuminate\\Pipeline\\{closure}(Object(Illuminate\\Http\\Request))
#13 D:\\Kuli (ah)\\Prodi\\TA\\PROJECT WEB SIAP\\SIAP-ITK-REVISED\\vendor\\laravel\\framework\\src\\Illuminate\\Pipeline\\Pipeline.php(171): Illuminate\\View\\Middleware\\ShareErrorsFromSession->handle(Object(Illuminate\\Http\\Request), Object(Closure))
#14 D:\\Kuli (ah)\\Prodi\\TA\\PROJECT WEB SIAP\\SIAP-ITK-REVISED\\vendor\\laravel\\framework\\src\\Illuminate\\Session\\Middleware\\StartSession.php(56): Illuminate\\Pipeline\\Pipeline->Illuminate\\Pipeline\\{closure}(Object(Illuminate\\Http\\Request))
#15 D:\\Kuli (ah)\\Prodi\\TA\\PROJECT WEB SIAP\\SIAP-ITK-REVISED\\vendor\\laravel\\framework\\src\\Illuminate\\Pipeline\\Pipeline.php(171): Illuminate\\Session\\Middleware\\StartSession->handle(Object(Illuminate\\Http\\Request), Object(Closure))
#16 D:\\Kuli (ah)\\Prodi\\TA\\PROJECT WEB SIAP\\SIAP-ITK-REVISED\\vendor\\laravel\\framework\\src\\Illuminate\\Cookie\\Middleware\\AddQueuedCookiesToResponse.php(37): Illuminate\\Pipeline\\Pipeline->Illuminate\\Pipeline\\{closure}(Object(Illuminate\\Http\\Request))
#17 D:\\Kuli (ah)\\Prodi\\TA\\PROJECT WEB SIAP\\SIAP-ITK-REVISED\\vendor\\laravel\\framework\\src\\Illuminate\\Pipeline\\Pipeline.php(171): Illuminate\\Cookie\\Middleware\\AddQueuedCookiesToResponse->handle(Object(Illuminate\\Http\\Request), Object(Closure))
#18 D:\\Kuli (ah)\\Prodi\\TA\\PROJECT WEB SIAP\\SIAP-ITK-REVISED\\vendor\\laravel\\framework\\src\\Illuminate\\Cookie\\Middleware\\EncryptCookies.php(66): Illuminate\\Pipeline\\Pipeline->Illuminate\\Pipeline\\{closure}(Object(Illuminate\\Http\\Request))
#19 D:\\Kuli (ah)\\Prodi\\TA\\PROJECT WEB SIAP\\SIAP-ITK-REVISED\\vendor\\laravel\\framework\\src\\Illuminate\\Pipeline\\Pipeline.php(171): Illuminate\\Cookie\\Middleware\\EncryptCookies->handle(Object(Illuminate\\Http\\Request), Object(Closure))
#20 D:\\Kuli (ah)\\Prodi\\TA\\PROJECT WEB SIAP\\SIAP-ITK-REVISED\\vendor\\laravel\\framework\\src\\Illuminate\\Pipeline\\Pipeline.php(105): Illuminate\\Pipeline\\Pipeline->Illuminate\\Pipeline\\{closure}(Object(Illuminate\\Http\\Request))
#21 D:\\Kuli (ah)\\Prodi\\TA\\PROJECT WEB SIAP\\SIAP-ITK-REVISED\\vendor\\laravel\\framework\\src\\Illuminate\\Routing\\Router.php(683): Illuminate\\Pipeline\\Pipeline->then(Object(Closure))
#22 D:\\Kuli (ah)\\Prodi\\TA\\PROJECT WEB SIAP\\SIAP-ITK-REVISED\\vendor\\laravel\\framework\\src\\Illuminate\\Routing\\Router.php(658): Illuminate\\Routing\\Router->runRouteWithinStack(Object(Illuminate\\Routing\\Route), Object(Illuminate\\Http\\Request))
#23 D:\\Kuli (ah)\\Prodi\\TA\\PROJECT WEB SIAP\\SIAP-ITK-REVISED\\vendor\\laravel\\framework\\src\\Illuminate\\Routing\\Router.php(624): Illuminate\\Routing\\Router->runRoute(Object(Illuminate\\Http\\Request), Object(Illuminate\\Routing\\Route))
#24 D:\\Kuli (ah)\\Prodi\\TA\\PROJECT WEB SIAP\\SIAP-ITK-REVISED\\vendor\\laravel\\framework\\src\\Illuminate\\Routing\\Router.php(613): Illuminate\\Routing\\Router->dispatchToRoute(Object(Illuminate\\Http\\Request))
#25 D:\\Kuli (ah)\\Prodi\\TA\\PROJECT WEB SIAP\\SIAP-ITK-REVISED\\vendor\\laravel\\framework\\src\\Illuminate\\Foundation\\Http\\Kernel.php(170): Illuminate\\Routing\\Router->dispatch(Object(Illuminate\\Http\\Request))
#26 D:\\Kuli (ah)\\Prodi\\TA\\PROJECT WEB SIAP\\SIAP-ITK-REVISED\\vendor\\laravel\\framework\\src\\Illuminate\\Pipeline\\Pipeline.php(130): Illuminate\\Foundation\\Http\\Kernel->Illuminate\\Foundation\\Http\\{closure}(Object(Illuminate\\Http\\Request))
#27 D:\\Kuli (ah)\\Prodi\\TA\\PROJECT WEB SIAP\\SIAP-ITK-REVISED\\vendor\\laravel\\framework\\src\\Illuminate\\Foundation\\Http\\Middleware\\TransformsRequest.php(21): Illuminate\\Pipeline\\Pipeline->Illuminate\\Pipeline\\{closure}(Object(Illuminate\\Http\\Request))
#28 D:\\Kuli (ah)\\Prodi\\TA\\PROJECT WEB SIAP\\SIAP-ITK-REVISED\\vendor\\laravel\\framework\\src\\Illuminate\\Pipeline\\Pipeline.php(171): Illuminate\\Foundation\\Http\\Middleware\\TransformsRequest->handle(Object(Illuminate\\Http\\Request), Object(Closure))
#29 D:\\Kuli (ah)\\Prodi\\TA\\PROJECT WEB SIAP\\SIAP-ITK-REVISED\\vendor\\laravel\\framework\\src\\Illuminate\\Foundation\\Http\\Middleware\\TransformsRequest.php(21): Illuminate\\Pipeline\\Pipeline->Illuminate\\Pipeline\\{closure}(Object(Illuminate\\Http\\Request))
#30 D:\\Kuli (ah)\\Prodi\\TA\\PROJECT WEB SIAP\\SIAP-ITK-REVISED\\vendor\\laravel\\framework\\src\\Illuminate\\Pipeline\\Pipeline.php(171): Illuminate\\Foundation\\Http\\Middleware\\TransformsRequest->handle(Object(Illuminate\\Http\\Request), Object(Closure))
#31 D:\\Kuli (ah)\\Prodi\\TA\\PROJECT WEB SIAP\\SIAP-ITK-REVISED\\vendor\\laravel\\framework\\src\\Illuminate\\Foundation\\Http\\Middleware\\ValidatePostSize.php(27): Illuminate\\Pipeline\\Pipeline->Illuminate\\Pipeline\\{closure}(Object(Illuminate\\Http\\Request))
#32 D:\\Kuli (ah)\\Prodi\\TA\\PROJECT WEB SIAP\\SIAP-ITK-REVISED\\vendor\\laravel\\framework\\src\\Illuminate\\Pipeline\\Pipeline.php(171): Illuminate\\Foundation\\Http\\Middleware\\ValidatePostSize->handle(Object(Illuminate\\Http\\Request), Object(Closure))
#33 D:\\Kuli (ah)\\Prodi\\TA\\PROJECT WEB SIAP\\SIAP-ITK-REVISED\\vendor\\laravel\\framework\\src\\Illuminate\\Foundation\\Http\\Middleware\\CheckForMaintenanceMode.php(63): Illuminate\\Pipeline\\Pipeline->Illuminate\\Pipeline\\{closure}(Object(Illuminate\\Http\\Request))
#34 D:\\Kuli (ah)\\Prodi\\TA\\PROJECT WEB SIAP\\SIAP-ITK-REVISED\\vendor\\laravel\\framework\\src\\Illuminate\\Pipeline\\Pipeline.php(171): Illuminate\\Foundation\\Http\\Middleware\\CheckForMaintenanceMode->handle(Object(Illuminate\\Http\\Request), Object(Closure))
#35 D:\\Kuli (ah)\\Prodi\\TA\\PROJECT WEB SIAP\\SIAP-ITK-REVISED\\vendor\\fideloper\\proxy\\src\\TrustProxies.php(57): Illuminate\\Pipeline\\Pipeline->Illuminate\\Pipeline\\{closure}(Object(Illuminate\\Http\\Request))
#36 D:\\Kuli (ah)\\Prodi\\TA\\PROJECT WEB SIAP\\SIAP-ITK-REVISED\\vendor\\laravel\\framework\\src\\Illuminate\\Pipeline\\Pipeline.php(171): Fideloper\\Proxy\\TrustProxies->handle(Object(Illuminate\\Http\\Request), Object(Closure))
#37 D:\\Kuli (ah)\\Prodi\\TA\\PROJECT WEB SIAP\\SIAP-ITK-REVISED\\vendor\\laravel\\framework\\src\\Illuminate\\Pipeline\\Pipeline.php(105): Illuminate\\Pipeline\\Pipeline->Illuminate\\Pipeline\\{closure}(Object(Illuminate\\Http\\Request))
#38 D:\\Kuli (ah)\\Prodi\\TA\\PROJECT WEB SIAP\\SIAP-ITK-REVISED\\vendor\\laravel\\framework\\src\\Illuminate\\Foundation\\Http\\Kernel.php(145): Illuminate\\Pipeline\\Pipeline->then(Object(Closure))
#39 D:\\Kuli (ah)\\Prodi\\TA\\PROJECT WEB SIAP\\SIAP-ITK-REVISED\\vendor\\laravel\\framework\\src\\Illuminate\\Foundation\\Http\\Kernel.php(110): Illuminate\\Foundation\\Http\\Kernel->sendRequestThroughRouter(Object(Illuminate\\Http\\Request))
#40 D:\\Kuli (ah)\\Prodi\\TA\\PROJECT WEB SIAP\\SIAP-ITK-REVISED\\public\\index.php(55): Illuminate\\Foundation\\Http\\Kernel->handle(Object(Illuminate\\Http\\Request))
#41 D:\\Kuli (ah)\\Prodi\\TA\\PROJECT WEB SIAP\\SIAP-ITK-REVISED\\server.php(21): require_once('D:\\\\Kuli (ah)\\\\Pr...')
#42 {main}
"} 
